WdgMtb: ACCESS depth1_om@EXTRCUT is AVAILABLE (CB)
WdgMtb: ACCESS depth1_om@EXTRCUT is AVAILABLE (CB)
WdgMtb: ACCESS depth1_om@EXTRCUT is AVAILABLE (CB)
WdgMtb: ACCESS depth1_om@EXTRCUT is AVAILABLE (CB)
WdgMtb: ACCESS depth2_set_popup@extrev_feature_popup@EXTRCUT is AVAILABLE (CB)
WdgMtb: ACCESS depth1_om@EXTRCUT is AVAILABLE (CB)
WdgMtb: ACCESS depth2_set_popup@extrev_feature_popup@EXTRCUT is AVAILABLE (CB)
WdgMtb: ACCESS ui_pat_type@PATTERNHEAD is AVAILABLE (CB)
WdgMtb: ACCESS DefineRmbBtn@ui_pat_dim_menu@PATTERNHEAD is invisible (UI)
WdgMtb: ACCESS SketchRmbBtn@ui_pat_dim_menu@PATTERNHEAD is invisible (UI)
WdgMtb: ACCESS ui_pat_type@PATTERNHEAD is AVAILABLE (CB)
WdgMtb: ACCESS DefineRmbBtn@ui_pat_dim_menu@PATTERNHEAD is invisible (UI)
WdgMtb: ACCESS SketchRmbBtn@ui_pat_dim_menu@PATTERNHEAD is invisible (UI)
WdgMtb: ACCESS ui_pat_type@PATTERNHEAD is AVAILABLE (CB)
WdgMtb: ACCESS DefineRmbBtn@ui_pat_dim_menu@PATTERNHEAD is invisible (UI)
WdgMtb: ACCESS SketchRmbBtn@ui_pat_dim_menu@PATTERNHEAD is invisible (UI)
WdgMtb: ACCESS ui_pat_type@PATTERNHEAD is AVAILABLE (CB)
WdgMtb: ACCESS DefineRmbBtn@ui_pat_dim_menu@PATTERNHEAD is invisible (UI)
WdgMtb: ACCESS SketchRmbBtn@ui_pat_dim_menu@PATTERNHEAD is invisible (UI)
WdgMtb: ACCESS ui_pat_type@PATTERNHEAD is AVAILABLE (CB)
WdgMtb: ACCESS DefineRmbBtn@ui_pat_dim_menu@PATTERNHEAD is invisible (UI)
WdgMtb: ACCESS SketchRmbBtn@ui_pat_dim_menu@PATTERNHEAD is invisible (UI)
WdgMtb: ACCESS ui_pat_type@PATTERNHEAD is AVAILABLE (CB)
WdgMtb: ACCESS DefineRmbBtn@ui_pat_dim_menu@PATTERNHEAD is invisible (UI)
WdgMtb: ACCESS SketchRmbBtn@ui_pat_dim_menu@PATTERNHEAD is invisible (UI)
WdgMtb: ACCESS ui_pat_type@PATTERNHEAD is AVAILABLE (CB)
WdgMtb: ACCESS DefineRmbBtn@ui_pat_dim_menu@PATTERNHEAD is invisible (UI)
WdgMtb: ACCESS SketchRmbBtn@ui_pat_dim_menu@PATTERNHEAD is invisible (UI)
WdgMtb: ACCESS ui_pat_type@PATTERNHEAD is AVAILABLE (CB)
WdgMtb: ACCESS DefineRmbBtn@ui_pat_dim_menu@PATTERNHEAD is invisible (UI)
WdgMtb: ACCESS SketchRmbBtn@ui_pat_dim_menu@PATTERNHEAD is invisible (UI)
WdgMtb: ACCESS ui_pat_type@PATTERNHEAD is AVAILABLE (CB)
WdgMtb: ACCESS DefineRmbBtn@ui_pat_dim_menu@PATTERNHEAD is invisible (UI)
WdgMtb: ACCESS SketchRmbBtn@ui_pat_dim_menu@PATTERNHEAD is invisible (UI)
WdgMtb: ACCESS ui_pat_type@PATTERNHEAD is AVAILABLE (CB)
WdgMtb: ACCESS DefineRmbBtn@ui_pat_dim_menu@PATTERNHEAD is invisible (UI)
WdgMtb: ACCESS SketchRmbBtn@ui_pat_dim_menu@PATTERNHEAD is invisible (UI)
WdgMtb: ACCESS ui_pat_type@PATTERNHEAD is AVAILABLE (CB)
WdgMtb: ACCESS DefineRmbBtn@ui_pat_dim_menu@PATTERNHEAD is invisible (UI)
WdgMtb: ACCESS SketchRmbBtn@ui_pat_dim_menu@PATTERNHEAD is invisible (UI)
WdgMtb: ACCESS ui_pat_type@PATTERNHEAD is AVAILABLE (CB)
WdgMtb: ACCESS DefineRmbBtn@ui_pat_dim_menu@PATTERNHEAD is invisible (UI)
WdgMtb: ACCESS SketchRmbBtn@ui_pat_dim_menu@PATTERNHEAD is invisible (UI)
WdgMtb: ACCESS ui_pat_type@PATTERNHEAD is AVAILABLE (CB)
WdgMtb: ACCESS DefineRmbBtn@ui_pat_dim_menu@PATTERNHEAD is invisible (UI)
WdgMtb: ACCESS SketchRmbBtn@ui_pat_dim_menu@PATTERNHEAD is invisible (UI)
WdgMtb: ACCESS ui_pat_type@PATTERNHEAD is AVAILABLE (CB)
WdgMtb: ACCESS DefineRmbBtn@ui_pat_dim_menu@PATTERNHEAD is invisible (UI)
WdgMtb: ACCESS SketchRmbBtn@ui_pat_dim_menu@PATTERNHEAD is invisible (UI)
WdgMtb: ACCESS ui_pat_type@PATTERNHEAD is AVAILABLE (CB)
WdgMtb: ACCESS DefineRmbBtn@ui_pat_dim_menu@PATTERNHEAD is invisible (UI)
WdgMtb: ACCESS SketchRmbBtn@ui_pat_dim_menu@PATTERNHEAD is invisible (UI)
WdgMtb: ACCESS ui_pat_type@PATTERNHEAD is AVAILABLE (CB)
WdgMtb: ACCESS DefineRmbBtn@ui_pat_dim_menu@PATTERNHEAD is invisible (UI)
WdgMtb: ACCESS SketchRmbBtn@ui_pat_dim_menu@PATTERNHEAD is invisible (UI)
WdgMtb: ACCESS ui_pat_type@PATTERNHEAD is AVAILABLE (CB)
WdgMtb: ACCESS DefineRmbBtn@ui_pat_dim_menu@PATTERNHEAD is invisible (UI)
WdgMtb: ACCESS SketchRmbBtn@ui_pat_dim_menu@PATTERNHEAD is invisible (UI)
