WdgMtb: ACCESS ui_pat_type@PATTERNHEAD is AVAILABLE (CB)
WdgMtb: ACCESS DefineRmbBtn@ui_pat_dim_menu@PATTERNHEAD is invisible (UI)
WdgMtb: ACCESS SketchRmbBtn@ui_pat_dim_menu@PATTERNHEAD is invisible (UI)
WdgMtb: ACCESS ui_pat_type@PATTERNHEAD is AVAILABLE (CB)
WdgMtb: ACCESS DefineRmbBtn@ui_pat_dim_menu@PATTERNHEAD is invisible (UI)
WdgMtb: ACCESS SketchRmbBtn@ui_pat_dim_menu@PATTERNHEAD is invisible (UI)
WdgMtb: ACCESS ui_pat_type@PATTERNHEAD is AVAILABLE (CB)
WdgMtb: ACCESS DefineRmbBtn@ui_pat_dim_menu@PATTERNHEAD is invisible (UI)
WdgMtb: ACCESS SketchRmbBtn@ui_pat_dim_menu@PATTERNHEAD is invisible (UI)
WdgMtb: ACCESS ui_pat_type@PATTERNHEAD is AVAILABLE (CB)
WdgMtb: ACCESS DefineRmbBtn@ui_pat_dim_menu@PATTERNHEAD is invisible (UI)
WdgMtb: ACCESS SketchRmbBtn@ui_pat_dim_menu@PATTERNHEAD is invisible (UI)
WdgMtb: ACCESS ui_pat_type@PATTERNHEAD is AVAILABLE (CB)
WdgMtb: ACCESS DefineRmbBtn@ui_pat_dim_menu@PATTERNHEAD is invisible (UI)
WdgMtb: ACCESS SketchRmbBtn@ui_pat_dim_menu@PATTERNHEAD is invisible (UI)
WdgMtb: ACCESS ui_pat_type@PATTERNHEAD is AVAILABLE (CB)
WdgMtb: ACCESS DefineRmbBtn@ui_pat_dim_menu@PATTERNHEAD is invisible (UI)
WdgMtb: ACCESS SketchRmbBtn@ui_pat_dim_menu@PATTERNHEAD is invisible (UI)
WdgMtb: ACCESS ui_pat_type@PATTERNHEAD is AVAILABLE (CB)
WdgMtb: ACCESS DefineRmbBtn@ui_pat_dim_menu@PATTERNHEAD is invisible (UI)
WdgMtb: ACCESS SketchRmbBtn@ui_pat_dim_menu@PATTERNHEAD is invisible (UI)
WdgMtb: ACCESS ui_pat_type@PATTERNHEAD is AVAILABLE (CB)
WdgMtb: ACCESS DefineRmbBtn@ui_pat_dim_menu@PATTERNHEAD is invisible (UI)
WdgMtb: ACCESS SketchRmbBtn@ui_pat_dim_menu@PATTERNHEAD is invisible (UI)
WdgMtb: ACCESS Conic@ROUND is AVAILABLE (CB)
WdgMtb: ACCESS Conic@ROUND is AVAILABLE (CB)
WdgMtb: ACCESS Conic@ROUND is AVAILABLE (CB)
WdgMtb: ACCESS Conic@ROUND is AVAILABLE (CB)
WdgMtb: ACCESS roundflip@ROUND is unavailable (CB)
WdgMtb: ACCESS AddRadius@Dr0@ROUND is AVAILABLE (CB)
WdgMtb: ACCESS DelRadius@Dr0@ROUND is invisible (UI)
WdgMtb: ACCESS Conic@ROUND is AVAILABLE (CB)
WdgMtb: ACCESS roundflip@ROUND is unavailable (CB)
WdgMtb: ACCESS AddRadius@Dr0@ROUND is AVAILABLE (CB)
WdgMtb: ACCESS DelRadius@Dr0@ROUND is invisible (UI)
WdgMtb: ACCESS Conic@ROUND is AVAILABLE (CB)
WdgMtb: ACCESS roundflip@ROUND is unavailable (CB)
WdgMtb: ACCESS AddRadius@Dr0@ROUND is AVAILABLE (CB)
WdgMtb: ACCESS DelRadius@Dr0@ROUND is invisible (UI)
WdgMtb: ACCESS Conic@ROUND is AVAILABLE (CB)
WdgMtb: ACCESS Conic@ROUND is AVAILABLE (CB)
WdgMtb: ACCESS roundflip@ROUND is unavailable (CB)
WdgMtb: ACCESS AddRadius@Dr0@ROUND is AVAILABLE (CB)
WdgMtb: ACCESS DelRadius@Dr0@ROUND is invisible (UI)
WdgMtb: ACCESS Conic@ROUND is AVAILABLE (CB)
WdgMtb: ACCESS roundflip@ROUND is unavailable (CB)
WdgMtb: ACCESS AddRadius@Dr0@ROUND is AVAILABLE (CB)
WdgMtb: ACCESS DelRadius@Dr0@ROUND is invisible (UI)
WdgMtb: ACCESS Conic@ROUND is AVAILABLE (CB)
WdgMtb: ACCESS roundflip@ROUND is unavailable (CB)
WdgMtb: ACCESS AddRadius@Dr0@ROUND is AVAILABLE (CB)
WdgMtb: ACCESS DelRadius@Dr0@ROUND is invisible (UI)
WdgMtb: ACCESS Conic@ROUND is AVAILABLE (CB)
WdgMtb: ACCESS roundflip@ROUND is unavailable (CB)
WdgMtb: ACCESS AddRadius@Dr0@ROUND is AVAILABLE (CB)
WdgMtb: ACCESS DelRadius@Dr0@ROUND is invisible (UI)
WdgMtb: ACCESS Conic@ROUND is AVAILABLE (CB)
WdgMtb: ACCESS roundflip@ROUND is unavailable (CB)
WdgMtb: ACCESS AddRadius@Dr0@ROUND is AVAILABLE (CB)
WdgMtb: ACCESS DelRadius@Dr0@ROUND is invisible (UI)
WdgMtb: ACCESS Conic@ROUND is AVAILABLE (CB)
WdgMtb: ACCESS roundflip@ROUND is unavailable (CB)
WdgMtb: ACCESS AddRadius@Dr0@ROUND is AVAILABLE (CB)
WdgMtb: ACCESS DelRadius@Dr0@ROUND is invisible (UI)
WdgMtb: ACCESS Conic@ROUND is AVAILABLE (CB)
WdgMtb: ACCESS roundflip@ROUND is unavailable (CB)
WdgMtb: ACCESS AddRadius@Dr0@ROUND is AVAILABLE (CB)
WdgMtb: ACCESS DelRadius@Dr0@ROUND is invisible (UI)
WdgMtb: ACCESS Conic@ROUND is AVAILABLE (CB)
WdgMtb: ACCESS roundflip@ROUND is unavailable (CB)
WdgMtb: ACCESS AddRadius@Dr0@ROUND is AVAILABLE (CB)
WdgMtb: ACCESS DelRadius@Dr0@ROUND is invisible (UI)
